This file contains any messages produced by compilers while
running configure, to aid debugging if configure makes a mistake.

It was created by jellyfish configure 1.1.11, which was
generated by GNU Autoconf 2.68.  Invocation command line was

  $ ./configure CC=gcc CXX=g++ --prefix=/loginhome/jzucker/src/jamg-code/3rd_party/trinityrnaseq/trinity-plugins/jellyfish

## --------- ##
## Platform. ##
## --------- ##

hostname = athena
uname -m = x86_64
uname -r = 3.2.0-55-generic
uname -s = Linux
uname -v = #85-Ubuntu SMP Wed Oct 2 12:29:27 UTC 2013

/usr/bin/uname -p = unknown
/bin/uname -X     = unknown

/bin/arch              = unknown
/usr/bin/arch -k       = unknown
/usr/convex/getsysinfo = unknown
/usr/bin/hostinfo      = unknown
/bin/machine           = unknown
/usr/bin/oslevel       = unknown
/bin/universe          = unknown

PATH: /loginhome/jzucker/src/git-annex.linux
PATH: /loginhome/jzucker/src/jdk/bin
PATH: /loginhome/jzucker/perl5/bin
PATH: /loginhome/jzucker/bin/x86_64
PATH: /genomics/bin
PATH: /loginhome/jzucker/bin
PATH: /loginhome/cwischmeyer/bin
PATH: /loginhome/jzucker/src/geneid/bin
PATH: /loginhome/jzucker/src/CEGMA_v2/bin
PATH: /loginhome/jzucker/projects/PFAM/bin
PATH: /loginhome/jzucker/perl5/bin
PATH: /loginhome/jzucker/src/augustus-3.0.2/bin
PATH: /loginhome/jzucker/src/augustus-3.0.2/scripts
PATH: /loginhome/jzucker/src/scipio-1.4
PATH: /loginhome/jzucker/src/gmap-2014-06-10/bin
PATH: /genomics/bin/PASA/bin/fasta-35.4.12/bin
PATH: /loginhome/jzucker/src/PASA_r20140417/seqclean/seqclean
PATH: /loginhome/jzucker/src/PASA_r20140417/seqclean/psx
PATH: /loginhome/jzucker/src/PASA_r20140417/seqclean/trimpoly
PATH: /loginhome/jzucker/src/PASA_r20140417/seqclean/mdust
PATH: /loginhome/jzucker/perl5/bioperl-live/scripts/Bio-DB-GFF
PATH: /loginhome/jzucker/perl5/bioperl-live/scripts/seq
PATH: /loginhome/jzucker/src/genometools/bin
PATH: /loginhome/jzucker/src/AEGeAn/bin
PATH: /loginhome/jzucker/src/gff3_validator
PATH: /loginhome/jzucker/src/RepeatModeler
PATH: /loginhome/jzucker/src/bamtools/bin
PATH: /loginhome/jzucker/src/git-annex.linux
PATH: /loginhome/jzucker/src/jdk/bin
PATH: /loginhome/jzucker/perl5/bin
PATH: /loginhome/jzucker/bin/x86_64
PATH: /genomics/bin
PATH: /loginhome/jzucker/bin
PATH: /loginhome/cwischmeyer/bin
PATH: /loginhome/jzucker/src/geneid/bin
PATH: /loginhome/jzucker/src/CEGMA_v2/bin
PATH: /loginhome/jzucker/projects/PFAM/bin
PATH: /loginhome/jzucker/perl5/bin
PATH: /loginhome/jzucker/src/augustus-3.0.2/bin
PATH: /loginhome/jzucker/src/augustus-3.0.2/scripts
PATH: /loginhome/jzucker/src/scipio-1.4
PATH: /loginhome/jzucker/src/gmap-2014-06-10/bin
PATH: /genomics/bin/PASA/bin/fasta-35.4.12/bin
PATH: /loginhome/jzucker/src/PASA_r20140417/seqclean/seqclean
PATH: /loginhome/jzucker/src/PASA_r20140417/seqclean/psx
PATH: /loginhome/jzucker/src/PASA_r20140417/seqclean/trimpoly
PATH: /loginhome/jzucker/src/PASA_r20140417/seqclean/mdust
PATH: /loginhome/jzucker/perl5/bioperl-live/scripts/Bio-DB-GFF
PATH: /loginhome/jzucker/perl5/bioperl-live/scripts/seq
PATH: /loginhome/jzucker/src/genometools/bin
PATH: /loginhome/jzucker/src/AEGeAn/bin
PATH: /loginhome/jzucker/src/gff3_validator
PATH: /loginhome/jzucker/src/RepeatModeler
PATH: /usr/local/sbin
PATH: /usr/local/bin
PATH: /usr/sbin
PATH: /usr/bin
PATH: /sbin
PATH: /bin
PATH: /usr/games
PATH: /genomics/consed/bin
PATH: /genomics/bin/CIRCOS/bin
PATH: /genomics/bin/CABOG/Linux-amd64/bin
PATH: /genomics/bin/PASA/bin
PATH: /genomics/bin/PASA/bin/PASA
PATH: /genomics/bin/x86_64
PATH: /opt/oracle/11.2/instantclient_11_2
PATH: /genomics/bin/x86_64
PATH: /opt/oracle/11.2/instantclient_11_2
PATH: /genomics/consed/bin
PATH: /genomics/bin/CIRCOS/bin
PATH: /genomics/bin/CABOG/Linux-amd64/bin
PATH: /genomics/bin/PASA/bin
PATH: /genomics/bin/PASA/bin/PASA
PATH: /genomics/bin/x86_64
PATH: /opt/oracle/11.2/instantclient_11_2
PATH: /loginhome/jzucker/src/jamg/3rd_party/augustus/auxprogs/filterBam/bin
PATH: /loginhome/jzucker/src/jamg/3rd_party/augustus/auxprogs/bam2hints
PATH: /genomics/bin/x86_64
PATH: /opt/oracle/11.2/instantclient_11_2


## ----------- ##
## Core tests. ##
## ----------- ##

configure:2629: checking build system type
configure:2643: result: x86_64-unknown-linux-gnu
configure:2663: checking host system type
configure:2676: result: x86_64-unknown-linux-gnu
configure:2713: checking for a BSD-compatible install
configure:2781: result: /usr/bin/install -c
configure:2792: checking whether build environment is sane
configure:2842: result: yes
configure:2983: checking for a thread-safe mkdir -p
configure:3022: result: /bin/mkdir -p
configure:3035: checking for gawk
configure:3051: found /usr/bin/gawk
configure:3062: result: gawk
configure:3073: checking whether make sets $(MAKE)
configure:3095: result: yes
configure:3186: checking whether make supports nested variables
configure:3203: result: yes
configure:3264: checking how to print strings
configure:3291: result: printf
configure:3324: checking for style of include used by make
configure:3352: result: GNU
configure:3423: checking for gcc
configure:3450: result: gcc
configure:3679: checking for C compiler version
configure:3688: gcc --version >&5
gcc (Ubuntu/Linaro 4.7.3-2ubuntu1~12.04) 4.7.3
Copyright (C) 2012 Free Software Foundation, Inc.
This is free software; see the source for copying conditions.  There is NO
warranty; not even for MERCHANTABILITY or FITNESS FOR A PARTICULAR PURPOSE.

configure:3699: $? = 0
configure:3688: gcc -v >&5
Using built-in specs.
COLLECT_GCC=gcc
COLLECT_LTO_WRAPPER=/usr/lib/gcc/x86_64-linux-gnu/4.7/lto-wrapper
Target: x86_64-linux-gnu
Configured with: ../src/configure -v --with-pkgversion='Ubuntu/Linaro 4.7.3-2ubuntu1~12.04' --with-bugurl=file:///usr/share/doc/gcc-4.7/README.Bugs --enable-languages=c,c++,go,fortran,objc,obj-c++ --prefix=/usr --program-suffix=-4.7 --enable-shared --enable-linker-build-id --libexecdir=/usr/lib --without-included-gettext --enable-threads=posix --with-gxx-include-dir=/usr/include/c++/4.7 --libdir=/usr/lib --enable-nls --with-sysroot=/ --enable-clocale=gnu --enable-libstdcxx-debug --enable-libstdcxx-time=yes --enable-gnu-unique-object --enable-plugin --with-system-zlib --enable-objc-gc --enable-multiarch --disable-werror --with-arch-32=i686 --with-abi=m64 --with-multilib-list=m32,m64 --with-tune=generic --enable-checking=release --build=x86_64-linux-gnu --host=x86_64-linux-gnu --target=x86_64-linux-gnu
Thread model: posix
gcc version 4.7.3 (Ubuntu/Linaro 4.7.3-2ubuntu1~12.04) 
configure:3699: $? = 0
configure:3688: gcc -V >&5
gcc: error: unrecognized command line option '-V'
gcc: fatal error: no input files
compilation terminated.
configure:3699: $? = 4
configure:3688: gcc -qversion >&5
gcc: error: unrecognized command line option '-qversion'
gcc: fatal error: no input files
compilation terminated.
configure:3699: $? = 4
configure:3719: checking whether the C compiler works
configure:3741: gcc    conftest.c  >&5
configure:3745: $? = 0
configure:3793: result: yes
configure:3796: checking for C compiler default output file name
configure:3798: result: a.out
configure:3804: checking for suffix of executables
configure:3811: gcc -o conftest    conftest.c  >&5
configure:3815: $? = 0
configure:3837: result: 
configure:3859: checking whether we are cross compiling
configure:3867: gcc -o conftest    conftest.c  >&5
configure:3871: $? = 0
configure:3878: ./conftest
configure:3882: $? = 0
configure:3897: result: no
configure:3902: checking for suffix of object files
configure:3924: gcc -c   conftest.c >&5
configure:3928: $? = 0
configure:3949: result: o
configure:3953: checking whether we are using the GNU C compiler
configure:3972: gcc -c   conftest.c >&5
configure:3972: $? = 0
configure:3981: result: yes
configure:3990: checking whether gcc accepts -g
configure:4010: gcc -c -g  conftest.c >&5
configure:4010: $? = 0
configure:4051: result: yes
configure:4068: checking for gcc option to accept ISO C89
configure:4132: gcc  -c -g -O2  conftest.c >&5
configure:4132: $? = 0
configure:4145: result: none needed
configure:4167: checking dependency style of gcc
configure:4278: result: gcc3
configure:4293: checking for a sed that does not truncate output
configure:4357: result: /bin/sed
configure:4375: checking for grep that handles long lines and -e
configure:4433: result: /bin/grep
configure:4438: checking for egrep
configure:4500: result: /bin/grep -E
configure:4505: checking for fgrep
configure:4567: result: /bin/grep -F
configure:4602: checking for ld used by gcc
configure:4669: result: /usr/bin/ld
configure:4676: checking if the linker (/usr/bin/ld) is GNU ld
configure:4691: result: yes
configure:4703: checking for BSD- or MS-compatible name lister (nm)
configure:4752: result: /usr/bin/nm -B
configure:4882: checking the name lister (/usr/bin/nm -B) interface
configure:4889: gcc -c -g -O2  conftest.c >&5
configure:4892: /usr/bin/nm -B "conftest.o"
configure:4895: output
0000000000000000 B some_variable
configure:4902: result: BSD nm
configure:4905: checking whether ln -s works
configure:4909: result: yes
configure:4917: checking the maximum length of command line arguments
configure:5047: result: 3458764513820540925
configure:5064: checking whether the shell understands some XSI constructs
configure:5074: result: yes
configure:5078: checking whether the shell understands "+="
configure:5084: result: yes
configure:5119: checking how to convert x86_64-unknown-linux-gnu file names to x86_64-unknown-linux-gnu format
configure:5159: result: func_convert_file_noop
configure:5166: checking how to convert x86_64-unknown-linux-gnu file names to toolchain format
configure:5186: result: func_convert_file_noop
configure:5193: checking for /usr/bin/ld option to reload object files
configure:5200: result: -r
configure:5274: checking for objdump
configure:5290: found /usr/bin/objdump
configure:5301: result: objdump
configure:5333: checking how to recognize dependent libraries
configure:5535: result: pass_all
configure:5620: checking for dlltool
configure:5650: result: no
configure:5680: checking how to associate runtime and link libraries
configure:5707: result: printf %s\n
configure:5768: checking for ar
configure:5784: found /usr/bin/ar
configure:5795: result: ar
configure:5832: checking for archiver @FILE support
configure:5849: gcc -c -g -O2  conftest.c >&5
configure:5849: $? = 0
configure:5852: ar cru libconftest.a @conftest.lst >&5
configure:5855: $? = 0
configure:5860: ar cru libconftest.a @conftest.lst >&5
ar: conftest.o: No such file or directory
configure:5863: $? = 1
configure:5875: result: @
configure:5933: checking for strip
configure:5949: found /usr/bin/strip
configure:5960: result: strip
configure:6032: checking for ranlib
configure:6048: found /usr/bin/ranlib
configure:6059: result: ranlib
configure:6161: checking command to parse /usr/bin/nm -B output from gcc object
configure:6281: gcc -c -g -O2  conftest.c >&5
configure:6284: $? = 0
configure:6288: /usr/bin/nm -B conftest.o \| sed -n -e 's/^.*[ ]\([ABCDGIRSTW][ABCDGIRSTW]*\)[ ][ ]*\([_A-Za-z][_A-Za-z0-9]*\)$/\1 \2 \2/p' | sed '/ __gnu_lto/d' \> conftest.nm
configure:6291: $? = 0
configure:6357: gcc -o conftest -g -O2   conftest.c conftstm.o >&5
configure:6360: $? = 0
configure:6398: result: ok
configure:6435: checking for sysroot
configure:6465: result: no
configure:6542: gcc -c -g -O2  conftest.c >&5
configure:6545: $? = 0
configure:6721: checking for mt
configure:6737: found /bin/mt
configure:6748: result: mt
configure:6771: checking if mt is a manifest tool
configure:6777: mt '-?'
configure:6785: result: no
configure:7427: checking how to run the C preprocessor
configure:7458: gcc -E  conftest.c
configure:7458: $? = 0
configure:7472: gcc -E  conftest.c
conftest.c:11:28: fatal error: ac_nonexistent.h: No such file or directory
compilation terminated.
configure:7472: $? = 1
configure: failed program was:
| /* confdefs.h */
| #define PACKAGE_NAME "jellyfish"
| #define PACKAGE_TARNAME "jellyfish"
| #define PACKAGE_VERSION "1.1.11"
| #define PACKAGE_STRING "jellyfish 1.1.11"
| #define PACKAGE_BUGREPORT "gmarcais@umd.edu"
| #define PACKAGE_URL ""
| #define PACKAGE "jellyfish"
| #define VERSION "1.1.11"
| /* end confdefs.h.  */
| #include <ac_nonexistent.h>
configure:7497: result: gcc -E
configure:7517: gcc -E  conftest.c
configure:7517: $? = 0
configure:7531: gcc -E  conftest.c
conftest.c:11:28: fatal error: ac_nonexistent.h: No such file or directory
compilation terminated.
configure:7531: $? = 1
configure: failed program was:
| /* confdefs.h */
| #define PACKAGE_NAME "jellyfish"
| #define PACKAGE_TARNAME "jellyfish"
| #define PACKAGE_VERSION "1.1.11"
| #define PACKAGE_STRING "jellyfish 1.1.11"
| #define PACKAGE_BUGREPORT "gmarcais@umd.edu"
| #define PACKAGE_URL ""
| #define PACKAGE "jellyfish"
| #define VERSION "1.1.11"
| /* end confdefs.h.  */
| #include <ac_nonexistent.h>
configure:7560: checking for ANSI C header files
configure:7580: gcc -c -g -O2  conftest.c >&5
configure:7580: $? = 0
configure:7653: gcc -o conftest -g -O2   conftest.c  >&5
configure:7653: $? = 0
configure:7653: ./conftest
configure:7653: $? = 0
configure:7664: result: yes
configure:7677: checking for sys/types.h
configure:7677: gcc -c -g -O2  conftest.c >&5
configure:7677: $? = 0
configure:7677: result: yes
configure:7677: checking for sys/stat.h
configure:7677: gcc -c -g -O2  conftest.c >&5
configure:7677: $? = 0
configure:7677: result: yes
configure:7677: checking for stdlib.h
configure:7677: gcc -c -g -O2  conftest.c >&5
configure:7677: $? = 0
configure:7677: result: yes
configure:7677: checking for string.h
configure:7677: gcc -c -g -O2  conftest.c >&5
configure:7677: $? = 0
configure:7677: result: yes
configure:7677: checking for memory.h
configure:7677: gcc -c -g -O2  conftest.c >&5
configure:7677: $? = 0
configure:7677: result: yes
configure:7677: checking for strings.h
configure:7677: gcc -c -g -O2  conftest.c >&5
configure:7677: $? = 0
configure:7677: result: yes
configure:7677: checking for inttypes.h
configure:7677: gcc -c -g -O2  conftest.c >&5
configure:7677: $? = 0
configure:7677: result: yes
configure:7677: checking for stdint.h
configure:7677: gcc -c -g -O2  conftest.c >&5
configure:7677: $? = 0
configure:7677: result: yes
configure:7677: checking for unistd.h
configure:7677: gcc -c -g -O2  conftest.c >&5
configure:7677: $? = 0
configure:7677: result: yes
configure:7691: checking for dlfcn.h
configure:7691: gcc -c -g -O2  conftest.c >&5
configure:7691: $? = 0
configure:7691: result: yes
configure:7897: checking for objdir
configure:7912: result: .libs
configure:8183: checking if gcc supports -fno-rtti -fno-exceptions
configure:8201: gcc -c -g -O2  -fno-rtti -fno-exceptions conftest.c >&5
cc1: warning: command line option '-fno-rtti' is valid for C++/ObjC++ but not for C [enabled by default]
configure:8205: $? = 0
configure:8218: result: no
configure:8545: checking for gcc option to produce PIC
configure:8552: result: -fPIC -DPIC
configure:8560: checking if gcc PIC flag -fPIC -DPIC works
configure:8578: gcc -c -g -O2  -fPIC -DPIC -DPIC conftest.c >&5
configure:8582: $? = 0
configure:8595: result: yes
configure:8624: checking if gcc static flag -static works
configure:8652: result: yes
configure:8667: checking if gcc supports -c -o file.o
configure:8688: gcc -c -g -O2  -o out/conftest2.o conftest.c >&5
configure:8692: $? = 0
configure:8714: result: yes
configure:8722: checking if gcc supports -c -o file.o
configure:8769: result: yes
configure:8802: checking whether the gcc linker (/usr/bin/ld -m elf_x86_64) supports shared libraries
configure:9955: result: yes
configure:9992: checking whether -lc should be explicitly linked in
configure:10000: gcc -c -g -O2  conftest.c >&5
configure:10003: $? = 0
configure:10018: gcc -shared  -fPIC -DPIC conftest.o  -v -Wl,-soname -Wl,conftest -o conftest 2\>\&1 \| /bin/grep  -lc  \>/dev/null 2\>\&1
configure:10021: $? = 0
configure:10035: result: no
configure:10195: checking dynamic linker characteristics
configure:10706: gcc -o conftest -g -O2   -Wl,-rpath -Wl,/foo conftest.c  >&5
configure:10706: $? = 0
configure:10932: result: GNU/Linux ld.so
configure:11039: checking how to hardcode library paths into programs
configure:11064: result: immediate
configure:11604: checking whether stripping libraries is possible
configure:11609: result: yes
configure:11644: checking if libtool supports shared libraries
configure:11646: result: yes
configure:11649: checking whether to build shared libraries
configure:11670: result: yes
configure:11673: checking whether to build static libraries
configure:11677: result: yes
configure:11836: checking for C++ compiler version
configure:11845: g++ --version >&5
g++ (Ubuntu/Linaro 4.7.3-2ubuntu1~12.04) 4.7.3
Copyright (C) 2012 Free Software Foundation, Inc.
This is free software; see the source for copying conditions.  There is NO
warranty; not even for MERCHANTABILITY or FITNESS FOR A PARTICULAR PURPOSE.

configure:11856: $? = 0
configure:11845: g++ -v >&5
Using built-in specs.
COLLECT_GCC=g++
COLLECT_LTO_WRAPPER=/usr/lib/gcc/x86_64-linux-gnu/4.7/lto-wrapper
Target: x86_64-linux-gnu
Configured with: ../src/configure -v --with-pkgversion='Ubuntu/Linaro 4.7.3-2ubuntu1~12.04' --with-bugurl=file:///usr/share/doc/gcc-4.7/README.Bugs --enable-languages=c,c++,go,fortran,objc,obj-c++ --prefix=/usr --program-suffix=-4.7 --enable-shared --enable-linker-build-id --libexecdir=/usr/lib --without-included-gettext --enable-threads=posix --with-gxx-include-dir=/usr/include/c++/4.7 --libdir=/usr/lib --enable-nls --with-sysroot=/ --enable-clocale=gnu --enable-libstdcxx-debug --enable-libstdcxx-time=yes --enable-gnu-unique-object --enable-plugin --with-system-zlib --enable-objc-gc --enable-multiarch --disable-werror --with-arch-32=i686 --with-abi=m64 --with-multilib-list=m32,m64 --with-tune=generic --enable-checking=release --build=x86_64-linux-gnu --host=x86_64-linux-gnu --target=x86_64-linux-gnu
Thread model: posix
gcc version 4.7.3 (Ubuntu/Linaro 4.7.3-2ubuntu1~12.04) 
configure:11856: $? = 0
configure:11845: g++ -V >&5
g++: error: unrecognized command line option '-V'
g++: fatal error: no input files
compilation terminated.
configure:11856: $? = 4
configure:11845: g++ -qversion >&5
g++: error: unrecognized command line option '-qversion'
g++: fatal error: no input files
compilation terminated.
configure:11856: $? = 4
configure:11860: checking whether we are using the GNU C++ compiler
configure:11879: g++ -c   conftest.cpp >&5
configure:11879: $? = 0
configure:11888: result: yes
configure:11897: checking whether g++ accepts -g
configure:11917: g++ -c -g  conftest.cpp >&5
configure:11917: $? = 0
configure:11958: result: yes
configure:11983: checking dependency style of g++
configure:12094: result: gcc3
configure:12127: checking how to run the C++ preprocessor
configure:12154: g++ -E  conftest.cpp
configure:12154: $? = 0
configure:12168: g++ -E  conftest.cpp
conftest.cpp:23:28: fatal error: ac_nonexistent.h: No such file or directory
compilation terminated.
configure:12168: $? = 1
configure: failed program was:
| /* confdefs.h */
| #define PACKAGE_NAME "jellyfish"
| #define PACKAGE_TARNAME "jellyfish"
| #define PACKAGE_VERSION "1.1.11"
| #define PACKAGE_STRING "jellyfish 1.1.11"
| #define PACKAGE_BUGREPORT "gmarcais@umd.edu"
| #define PACKAGE_URL ""
| #define PACKAGE "jellyfish"
| #define VERSION "1.1.11"
| #define STDC_HEADERS 1
| #define HAVE_SYS_TYPES_H 1
| #define HAVE_SYS_STAT_H 1
| #define HAVE_STDLIB_H 1
| #define HAVE_STRING_H 1
| #define HAVE_MEMORY_H 1
| #define HAVE_STRINGS_H 1
| #define HAVE_INTTYPES_H 1
| #define HAVE_STDINT_H 1
| #define HAVE_UNISTD_H 1
| #define HAVE_DLFCN_H 1
| #define LT_OBJDIR ".libs/"
| /* end confdefs.h.  */
| #include <ac_nonexistent.h>
configure:12193: result: g++ -E
configure:12213: g++ -E  conftest.cpp
configure:12213: $? = 0
configure:12227: g++ -E  conftest.cpp
conftest.cpp:23:28: fatal error: ac_nonexistent.h: No such file or directory
compilation terminated.
configure:12227: $? = 1
configure: failed program was:
| /* confdefs.h */
| #define PACKAGE_NAME "jellyfish"
| #define PACKAGE_TARNAME "jellyfish"
| #define PACKAGE_VERSION "1.1.11"
| #define PACKAGE_STRING "jellyfish 1.1.11"
| #define PACKAGE_BUGREPORT "gmarcais@umd.edu"
| #define PACKAGE_URL ""
| #define PACKAGE "jellyfish"
| #define VERSION "1.1.11"
| #define STDC_HEADERS 1
| #define HAVE_SYS_TYPES_H 1
| #define HAVE_SYS_STAT_H 1
| #define HAVE_STDLIB_H 1
| #define HAVE_STRING_H 1
| #define HAVE_MEMORY_H 1
| #define HAVE_STRINGS_H 1
| #define HAVE_INTTYPES_H 1
| #define HAVE_STDINT_H 1
| #define HAVE_UNISTD_H 1
| #define HAVE_DLFCN_H 1
| #define LT_OBJDIR ".libs/"
| /* end confdefs.h.  */
| #include <ac_nonexistent.h>
configure:12396: checking for ld used by g++
configure:12463: result: /usr/bin/ld -m elf_x86_64
configure:12470: checking if the linker (/usr/bin/ld -m elf_x86_64) is GNU ld
configure:12485: result: yes
configure:12540: checking whether the g++ linker (/usr/bin/ld -m elf_x86_64) supports shared libraries
configure:13545: result: yes
configure:13581: g++ -c -g -O2  conftest.cpp >&5
configure:13584: $? = 0
configure:14104: checking for g++ option to produce PIC
configure:14111: result: -fPIC -DPIC
configure:14119: checking if g++ PIC flag -fPIC -DPIC works
configure:14137: g++ -c -g -O2  -fPIC -DPIC -DPIC conftest.cpp >&5
configure:14141: $? = 0
configure:14154: result: yes
configure:14177: checking if g++ static flag -static works
configure:14205: result: yes
configure:14217: checking if g++ supports -c -o file.o
configure:14238: g++ -c -g -O2  -o out/conftest2.o conftest.cpp >&5
configure:14242: $? = 0
configure:14264: result: yes
configure:14269: checking if g++ supports -c -o file.o
configure:14316: result: yes
configure:14346: checking whether the g++ linker (/usr/bin/ld -m elf_x86_64) supports shared libraries
configure:14382: result: yes
configure:14523: checking dynamic linker characteristics
configure:15194: result: GNU/Linux ld.so
configure:15247: checking how to hardcode library paths into programs
configure:15272: result: immediate
configure:15322: checking for md5sum
configure:15338: found /usr/bin/md5sum
configure:15349: result: md5sum
configure:15429: checking for __int128
configure:15429: g++ -c -g -O2  conftest.cpp >&5
configure:15429: $? = 0
configure:15429: g++ -c -g -O2  conftest.cpp >&5
conftest.cpp: In function 'int main()':
conftest.cpp:59:14: error: expected primary-expression before '__int128'
conftest.cpp:59:14: error: expected ')' before '__int128'
conftest.cpp:60:14: error: expected ')' before ';' token
conftest.cpp:60:14: error: expected ')' before ';' token
configure:15429: $? = 1
configure: failed program was:
| /* confdefs.h */
| #define PACKAGE_NAME "jellyfish"
| #define PACKAGE_TARNAME "jellyfish"
| #define PACKAGE_VERSION "1.1.11"
| #define PACKAGE_STRING "jellyfish 1.1.11"
| #define PACKAGE_BUGREPORT "gmarcais@umd.edu"
| #define PACKAGE_URL ""
| #define PACKAGE "jellyfish"
| #define VERSION "1.1.11"
| #define STDC_HEADERS 1
| #define HAVE_SYS_TYPES_H 1
| #define HAVE_SYS_STAT_H 1
| #define HAVE_STDLIB_H 1
| #define HAVE_STRING_H 1
| #define HAVE_MEMORY_H 1
| #define HAVE_STRINGS_H 1
| #define HAVE_INTTYPES_H 1
| #define HAVE_STDINT_H 1
| #define HAVE_UNISTD_H 1
| #define HAVE_DLFCN_H 1
| #define LT_OBJDIR ".libs/"
| /* end confdefs.h.  */
| #include <stdio.h>
| #ifdef HAVE_SYS_TYPES_H
| # include <sys/types.h>
| #endif
| #ifdef HAVE_SYS_STAT_H
| # include <sys/stat.h>
| #endif
| #ifdef STDC_HEADERS
| # include <stdlib.h>
| # include <stddef.h>
| #else
| # ifdef HAVE_STDLIB_H
| #  include <stdlib.h>
| # endif
| #endif
| #ifdef HAVE_STRING_H
| # if !defined STDC_HEADERS && defined HAVE_MEMORY_H
| #  include <memory.h>
| # endif
| # include <string.h>
| #endif
| #ifdef HAVE_STRINGS_H
| # include <strings.h>
| #endif
| #ifdef HAVE_INTTYPES_H
| # include <inttypes.h>
| #endif
| #ifdef HAVE_STDINT_H
| # include <stdint.h>
| #endif
| #ifdef HAVE_UNISTD_H
| # include <unistd.h>
| #endif
| int
| main ()
| {
| if (sizeof ((__int128)))
| 	    return 0;
|   ;
|   return 0;
| }
configure:15429: result: yes
configure:15439: checking whether strerror_r is declared
configure:15439: g++ -c -g -O2  conftest.cpp >&5
configure:15439: $? = 0
configure:15439: result: yes
configure:15452: checking for strerror_r
configure:15452: g++ -o conftest -g -O2   conftest.cpp  >&5
configure:15452: $? = 0
configure:15452: result: yes
configure:15461: checking whether strerror_r returns char *
configure:15485: g++ -c -g -O2  conftest.cpp >&5
configure:15485: $? = 0
configure:15523: result: yes
configure:15536: checking execinfo.h usability
configure:15536: g++ -c -g -O2  conftest.cpp >&5
configure:15536: $? = 0
configure:15536: result: yes
configure:15536: checking execinfo.h presence
configure:15536: g++ -E  conftest.cpp
configure:15536: $? = 0
configure:15536: result: yes
configure:15536: checking for execinfo.h
configure:15536: result: yes
configure:15536: checking sys/syscall.h usability
configure:15536: g++ -c -g -O2  conftest.cpp >&5
configure:15536: $? = 0
configure:15536: result: yes
configure:15536: checking sys/syscall.h presence
configure:15536: g++ -E  conftest.cpp
configure:15536: $? = 0
configure:15536: result: yes
configure:15536: checking for sys/syscall.h
configure:15536: result: yes
configure:15547: checking for siginfo_t.si_int
configure:15547: g++ -c -g -O2  conftest.cpp >&5
configure:15547: $? = 0
configure:15547: result: yes
configure:15703: creating ./config.status

## ---------------------- ##
## Running config.status. ##
## ---------------------- ##

This file was extended by jellyfish config.status 1.1.11, which was
generated by GNU Autoconf 2.68.  Invocation command line was

  CONFIG_FILES    = 
  CONFIG_HEADERS  = 
  CONFIG_LINKS    = 
  CONFIG_COMMANDS = 
  $ ./config.status 

on athena

config.status:1166: creating Makefile
config.status:1166: creating tests/compat.sh
config.status:1166: creating jellyfish-1.1.pc
config.status:1166: creating config.h
config.status:1347: config.h is unchanged
config.status:1395: executing depfiles commands
config.status:1395: executing libtool commands

## ---------------- ##
## Cache variables. ##
## ---------------- ##

ac_cv_build=x86_64-unknown-linux-gnu
ac_cv_c_compiler_gnu=yes
ac_cv_cxx_compiler_gnu=yes
ac_cv_env_CCC_set=
ac_cv_env_CCC_value=
ac_cv_env_CC_set=set
ac_cv_env_CC_value=gcc
ac_cv_env_CFLAGS_set=
ac_cv_env_CFLAGS_value=
ac_cv_env_CPPFLAGS_set=
ac_cv_env_CPPFLAGS_value=
ac_cv_env_CPP_set=
ac_cv_env_CPP_value=
ac_cv_env_CXXCPP_set=
ac_cv_env_CXXCPP_value=
ac_cv_env_CXXFLAGS_set=
ac_cv_env_CXXFLAGS_value=
ac_cv_env_CXX_set=set
ac_cv_env_CXX_value=g++
ac_cv_env_LDFLAGS_set=
ac_cv_env_LDFLAGS_value=
ac_cv_env_LIBS_set=
ac_cv_env_LIBS_value=
ac_cv_env_MD5_set=
ac_cv_env_MD5_value=
ac_cv_env_build_alias_set=
ac_cv_env_build_alias_value=
ac_cv_env_host_alias_set=
ac_cv_env_host_alias_value=
ac_cv_env_target_alias_set=
ac_cv_env_target_alias_value=
ac_cv_func_strerror_r=yes
ac_cv_func_strerror_r_char_p=yes
ac_cv_have_decl_strerror_r=yes
ac_cv_header_dlfcn_h=yes
ac_cv_header_execinfo_h=yes
ac_cv_header_inttypes_h=yes
ac_cv_header_memory_h=yes
ac_cv_header_stdc=yes
ac_cv_header_stdint_h=yes
ac_cv_header_stdlib_h=yes
ac_cv_header_string_h=yes
ac_cv_header_strings_h=yes
ac_cv_header_sys_stat_h=yes
ac_cv_header_sys_syscall_h=yes
ac_cv_header_sys_types_h=yes
ac_cv_header_unistd_h=yes
ac_cv_host=x86_64-unknown-linux-gnu
ac_cv_member_siginfo_t_si_int=yes
ac_cv_objext=o
ac_cv_path_EGREP='/bin/grep -E'
ac_cv_path_FGREP='/bin/grep -F'
ac_cv_path_GREP=/bin/grep
ac_cv_path_SED=/bin/sed
ac_cv_path_install='/usr/bin/install -c'
ac_cv_path_mkdir=/bin/mkdir
ac_cv_prog_AWK=gawk
ac_cv_prog_CPP='gcc -E'
ac_cv_prog_CXXCPP='g++ -E'
ac_cv_prog_MD5=md5sum
ac_cv_prog_ac_ct_AR=ar
ac_cv_prog_ac_ct_CC=gcc
ac_cv_prog_ac_ct_MANIFEST_TOOL=mt
ac_cv_prog_ac_ct_OBJDUMP=objdump
ac_cv_prog_ac_ct_RANLIB=ranlib
ac_cv_prog_ac_ct_STRIP=strip
ac_cv_prog_cc_c89=
ac_cv_prog_cc_g=yes
ac_cv_prog_cxx_g=yes
ac_cv_prog_make_make_set=yes
ac_cv_type___int128=yes
am_cv_CC_dependencies_compiler_type=gcc3
am_cv_CXX_dependencies_compiler_type=gcc3
am_cv_make_support_nested_variables=yes
lt_cv_ar_at_file=@
lt_cv_archive_cmds_need_lc=no
lt_cv_deplibs_check_method=pass_all
lt_cv_file_magic_cmd='$MAGIC_CMD'
lt_cv_file_magic_test_file=
lt_cv_ld_reload_flag=-r
lt_cv_nm_interface='BSD nm'
lt_cv_objdir=.libs
lt_cv_path_LD=/usr/bin/ld
lt_cv_path_LDCXX='/usr/bin/ld -m elf_x86_64'
lt_cv_path_NM='/usr/bin/nm -B'
lt_cv_path_mainfest_tool=no
lt_cv_prog_compiler_c_o=yes
lt_cv_prog_compiler_c_o_CXX=yes
lt_cv_prog_compiler_pic='-fPIC -DPIC'
lt_cv_prog_compiler_pic_CXX='-fPIC -DPIC'
lt_cv_prog_compiler_pic_works=yes
lt_cv_prog_compiler_pic_works_CXX=yes
lt_cv_prog_compiler_rtti_exceptions=no
lt_cv_prog_compiler_static_works=yes
lt_cv_prog_compiler_static_works_CXX=yes
lt_cv_prog_gnu_ld=yes
lt_cv_prog_gnu_ldcxx=yes
lt_cv_sharedlib_from_linklib_cmd='printf %s\n'
lt_cv_shlibpath_overrides_runpath=no
lt_cv_sys_global_symbol_pipe='sed -n -e '\''s/^.*[	 ]\([ABCDGIRSTW][ABCDGIRSTW]*\)[	 ][	 ]*\([_A-Za-z][_A-Za-z0-9]*\)$/\1 \2 \2/p'\'' | sed '\''/ __gnu_lto/d'\'''
lt_cv_sys_global_symbol_to_c_name_address='sed -n -e '\''s/^: \([^ ]*\)[ ]*$/  {\"\1\", (void *) 0},/p'\'' -e '\''s/^[ABCDGIRSTW]* \([^ ]*\) \([^ ]*\)$/  {"\2", (void *) \&\2},/p'\'''
lt_cv_sys_global_symbol_to_c_name_address_lib_prefix='sed -n -e '\''s/^: \([^ ]*\)[ ]*$/  {\"\1\", (void *) 0},/p'\'' -e '\''s/^[ABCDGIRSTW]* \([^ ]*\) \(lib[^ ]*\)$/  {"\2", (void *) \&\2},/p'\'' -e '\''s/^[ABCDGIRSTW]* \([^ ]*\) \([^ ]*\)$/  {"lib\2", (void *) \&\2},/p'\'''
lt_cv_sys_global_symbol_to_cdecl='sed -n -e '\''s/^T .* \(.*\)$/extern int \1();/p'\'' -e '\''s/^[ABCDGIRSTW]* .* \(.*\)$/extern char \1;/p'\'''
lt_cv_sys_max_cmd_len=3458764513820540925
lt_cv_to_host_file_cmd=func_convert_file_noop
lt_cv_to_tool_file_cmd=func_convert_file_noop

## ----------------- ##
## Output variables. ##
## ----------------- ##

ACLOCAL='${SHELL} /loginhome/jzucker/src/jamg-code/3rd_party/trinityrnaseq/trinity-plugins/jellyfish/missing --run aclocal-1.11'
AMDEPBACKSLASH='\'
AMDEP_FALSE='#'
AMDEP_TRUE=''
AMTAR='$${TAR-tar}'
AM_BACKSLASH='\'
AM_DEFAULT_V='$(AM_DEFAULT_VERBOSITY)'
AM_DEFAULT_VERBOSITY='0'
AM_V='$(V)'
AR='ar'
AUTOCONF='${SHELL} /loginhome/jzucker/src/jamg-code/3rd_party/trinityrnaseq/trinity-plugins/jellyfish/missing --run autoconf'
AUTOHEADER='${SHELL} /loginhome/jzucker/src/jamg-code/3rd_party/trinityrnaseq/trinity-plugins/jellyfish/missing --run autoheader'
AUTOMAKE='${SHELL} /loginhome/jzucker/src/jamg-code/3rd_party/trinityrnaseq/trinity-plugins/jellyfish/missing --run automake-1.11'
AWK='gawk'
CC='gcc'
CCDEPMODE='depmode=gcc3'
CFLAGS='-g -O2'
CPP='gcc -E'
CPPFLAGS=''
CXX='g++'
CXXCPP='g++ -E'
CXXDEPMODE='depmode=gcc3'
CXXFLAGS='-g -O2'
CYGPATH_W='echo'
DEFS='-DHAVE_CONFIG_H'
DEPDIR='.deps'
DLLTOOL='false'
DSYMUTIL=''
DUMPBIN=''
ECHO_C=''
ECHO_N='-n'
ECHO_T=''
EGREP='/bin/grep -E'
EXEEXT=''
FGREP='/bin/grep -F'
GREP='/bin/grep'
INSTALL_DATA='${INSTALL} -m 644'
INSTALL_PROGRAM='${INSTALL}'
INSTALL_SCRIPT='${INSTALL}'
INSTALL_STRIP_PROGRAM='$(install_sh) -c -s'
LD='/usr/bin/ld -m elf_x86_64'
LDFLAGS=''
LIBOBJS=''
LIBS=''
LIBTOOL='$(SHELL) $(top_builddir)/libtool'
LIPO=''
LN_S='ln -s'
LTLIBOBJS=''
MAKEINFO='${SHELL} /loginhome/jzucker/src/jamg-code/3rd_party/trinityrnaseq/trinity-plugins/jellyfish/missing --run makeinfo'
MANIFEST_TOOL=':'
MD5='md5sum'
MKDIR_P='/bin/mkdir -p'
NM='/usr/bin/nm -B'
NMEDIT=''
OBJDUMP='objdump'
OBJEXT='o'
OTOOL64=''
OTOOL=''
PACKAGE='jellyfish'
PACKAGE_BUGREPORT='gmarcais@umd.edu'
PACKAGE_NAME='jellyfish'
PACKAGE_STRING='jellyfish 1.1.11'
PACKAGE_TARNAME='jellyfish'
PACKAGE_URL=''
PACKAGE_VERSION='1.1.11'
PATH_SEPARATOR=':'
RANLIB='ranlib'
SED='/bin/sed'
SET_MAKE=''
SHELL='/bin/bash'
STATIC_FLAGS=''
STRIP='strip'
VERSION='1.1.11'
ac_ct_AR='ar'
ac_ct_CC='gcc'
ac_ct_CXX=''
ac_ct_DUMPBIN=''
am__EXEEXT_FALSE=''
am__EXEEXT_TRUE='#'
am__fastdepCC_FALSE='#'
am__fastdepCC_TRUE=''
am__fastdepCXX_FALSE='#'
am__fastdepCXX_TRUE=''
am__include='include'
am__isrc=''
am__leading_dot='.'
am__nodep='_no'
am__quote=''
am__tar='$${TAR-tar} chof - "$$tardir"'
am__untar='$${TAR-tar} xf -'
bindir='${exec_prefix}/bin'
build='x86_64-unknown-linux-gnu'
build_alias=''
build_cpu='x86_64'
build_os='linux-gnu'
build_vendor='unknown'
datadir='${datarootdir}'
datarootdir='${prefix}/share'
docdir='${datarootdir}/doc/${PACKAGE_TARNAME}'
dvidir='${docdir}'
exec_prefix='${prefix}'
host='x86_64-unknown-linux-gnu'
host_alias=''
host_cpu='x86_64'
host_os='linux-gnu'
host_vendor='unknown'
htmldir='${docdir}'
includedir='${prefix}/include'
infodir='${datarootdir}/info'
install_sh='${SHELL} /loginhome/jzucker/src/jamg-code/3rd_party/trinityrnaseq/trinity-plugins/jellyfish/install-sh'
libdir='${exec_prefix}/lib'
libexecdir='${exec_prefix}/libexec'
localedir='${datarootdir}/locale'
localstatedir='${prefix}/var'
mandir='${datarootdir}/man'
mkdir_p='/bin/mkdir -p'
oldincludedir='/usr/include'
pdfdir='${docdir}'
prefix='/loginhome/jzucker/src/jamg-code/3rd_party/trinityrnaseq/trinity-plugins/jellyfish'
program_transform_name='s,x,x,'
psdir='${docdir}'
sbindir='${exec_prefix}/sbin'
sharedstatedir='${prefix}/com'
sysconfdir='${prefix}/etc'
target_alias=''

## ----------- ##
## confdefs.h. ##
## ----------- ##

/* confdefs.h */
#define PACKAGE_NAME "jellyfish"
#define PACKAGE_TARNAME "jellyfish"
#define PACKAGE_VERSION "1.1.11"
#define PACKAGE_STRING "jellyfish 1.1.11"
#define PACKAGE_BUGREPORT "gmarcais@umd.edu"
#define PACKAGE_URL ""
#define PACKAGE "jellyfish"
#define VERSION "1.1.11"
#define STDC_HEADERS 1
#define HAVE_SYS_TYPES_H 1
#define HAVE_SYS_STAT_H 1
#define HAVE_STDLIB_H 1
#define HAVE_STRING_H 1
#define HAVE_MEMORY_H 1
#define HAVE_STRINGS_H 1
#define HAVE_INTTYPES_H 1
#define HAVE_STDINT_H 1
#define HAVE_UNISTD_H 1
#define HAVE_DLFCN_H 1
#define LT_OBJDIR ".libs/"
#define HAVE_INT128 1
#define HAVE_DECL_STRERROR_R 1
#define HAVE_STRERROR_R 1
#define STRERROR_R_CHAR_P 1
#define HAVE_EXECINFO_H 1
#define HAVE_SYS_SYSCALL_H 1
#define HAVE_SI_INT 1

configure: exit 0
